\BOOKMARK [0][-]{chapter.1}{Introduction}{}% 1
\BOOKMARK [1][-]{section.1.1}{Motivation}{chapter.1}% 2
\BOOKMARK [1][-]{section.1.2}{Related Works}{chapter.1}% 3
\BOOKMARK [1][-]{section.1.3}{Goals of the Thesis}{chapter.1}% 4
\BOOKMARK [2][-]{subsection.1.3.1}{Task Description}{section.1.3}% 5
\BOOKMARK [2][-]{subsection.1.3.2}{Contribution}{section.1.3}% 6
\BOOKMARK [0][-]{chapter.2}{Theory}{}% 7
\BOOKMARK [1][-]{section.2.1}{Electrical Circuit Diagrams}{chapter.2}% 8
\BOOKMARK [1][-]{section.2.2}{LTSpice File}{chapter.2}% 9
\BOOKMARK [1][-]{section.2.3}{Artificial Neural Networks}{chapter.2}% 10
\BOOKMARK [2][-]{subsection.2.3.1}{MLP}{section.2.3}% 11
\BOOKMARK [2][-]{subsection.2.3.2}{Forwardpropagation}{section.2.3}% 12
\BOOKMARK [2][-]{subsection.2.3.3}{Backwardpropagation}{section.2.3}% 13
\BOOKMARK [2][-]{subsection.2.3.4}{Loss}{section.2.3}% 14
\BOOKMARK [2][-]{subsection.2.3.5}{Convolutional Neural Networks}{section.2.3}% 15
\BOOKMARK [1][-]{section.2.4}{Data Augmentation}{chapter.2}% 16
\BOOKMARK [1][-]{section.2.5}{Object Detection}{chapter.2}% 17
\BOOKMARK [2][-]{subsection.2.5.1}{General}{section.2.5}% 18
\BOOKMARK [2][-]{subsection.2.5.2}{History of Object Detection Networks}{section.2.5}% 19
\BOOKMARK [2][-]{subsection.2.5.3}{You Only Look Once \(YOLO\)}{section.2.5}% 20
\BOOKMARK [1][-]{section.2.6}{Semantic Segmentation}{chapter.2}% 21
\BOOKMARK [1][-]{section.2.7}{Connected Components Analysis}{chapter.2}% 22
\BOOKMARK [1][-]{section.2.8}{OCR}{chapter.2}% 23
\BOOKMARK [1][-]{section.2.9}{Hypergraphs}{chapter.2}% 24
\BOOKMARK [1][-]{section.2.10}{Metrics}{chapter.2}% 25
\BOOKMARK [0][-]{chapter.3}{Material and Methods}{}% 26
\BOOKMARK [1][-]{section.3.1}{Data}{chapter.3}% 27
\BOOKMARK [2][-]{subsection.3.1.1}{Statistics}{section.3.1}% 28
\BOOKMARK [2][-]{subsection.3.1.2}{Label Format}{section.3.1}% 29
\BOOKMARK [2][-]{subsection.3.1.3}{Training Split TODO}{section.3.1}% 30
\BOOKMARK [1][-]{section.3.2}{Recognition and Conversion Pipeline}{chapter.3}% 31
\BOOKMARK [2][-]{subsection.3.2.1}{General Overview}{section.3.2}% 32
\BOOKMARK [2][-]{subsection.3.2.2}{Component Detection}{section.3.2}% 33
\BOOKMARK [2][-]{subsection.3.2.3}{ECD TODO Segmentation}{section.3.2}% 34
\BOOKMARK [2][-]{subsection.3.2.4}{}{section.3.2}% 35
\BOOKMARK [0][-]{chapter.4}{Results}{}% 36
\BOOKMARK [0][-]{chapter.5}{Discussion}{}% 37
\BOOKMARK [0][-]{appendix.A}{Abbrevations}{}% 38
\BOOKMARK [0][-]{appendix.A}{List of Figures}{}% 39
\BOOKMARK [0][-]{appendix*.11}{List of Tables}{}% 40
\BOOKMARK [0][-]{appendix*.12}{Bibliography}{}% 41
